<?xml version="1.0" encoding="UTF-8"?>
<testsuite name="ru.tarabrin.stqa.test.RectangleTest" tests="1" skipped="0" failures="0" errors="0" timestamp="2023-04-06T12:49:25" hostname="DESKTOP-TO40GJM" time="0.006">
  <properties/>
  <testcase name="testArea" classname="ru.tarabrin.stqa.test.RectangleTest" time="0.006"/>
  <system-out><![CDATA[]]></system-out>
  <system-err><![CDATA[]]></system-err>
</testsuite>
